Determining if the pthread_create exist failed with the following output:
Change Dir: /home/nabih/prueba/build/CMakeFiles/CMakeTmp

Run Build Command:"/usr/bin/make" "cmTC_cc5de/fast"
/usr/bin/make -f CMakeFiles/cmTC_cc5de.dir/build.make CMakeFiles/cmTC_cc5de.dir/build
make[1]: Entering directory '/home/nabih/prueba/build/CMakeFiles/CMakeTmp'
Building C object CMakeFiles/cmTC_cc5de.dir/CheckSymbolExists.c.o
/usr/bin/cc    -o CMakeFiles/cmTC_cc5de.dir/CheckSymbolExists.c.o   -c /home/nabih/prueba/build/CMakeFiles/CMakeTmp/CheckSymbolExists.c
Linking C executable cmTC_cc5de
/usr/bin/cmake -E cmake_link_script CMakeFiles/cmTC_cc5de.dir/link.txt --verbose=1
/usr/bin/cc      -rdynamic CMakeFiles/cmTC_cc5de.dir/CheckSymbolExists.c.o  -o cmTC_cc5de 
CMakeFiles/cmTC_cc5de.dir/CheckSymbolExists.c.o: In function `main':
CheckSymbolExists.c:(.text+0x1b): undefined reference to `pthread_create'
collect2: error: ld returned 1 exit status
CMakeFiles/cmTC_cc5de.dir/build.make:97: recipe for target 'cmTC_cc5de' failed
make[1]: *** [cmTC_cc5de] Error 1
make[1]: Leaving directory '/home/nabih/prueba/build/CMakeFiles/CMakeTmp'
Makefile:126: recipe for target 'cmTC_cc5de/fast' failed
make: *** [cmTC_cc5de/fast] Error 2

File /home/nabih/prueba/build/CMakeFiles/CMakeTmp/CheckSymbolExists.c:
/* */
#include <pthread.h>

int main(int argc, char** argv)
{
  (void)argv;
#ifndef pthread_create
  return ((int*)(&pthread_create))[argc];
#else
  (void)argc;
  return 0;
#endif
}

Determining if the function pthread_create exists in the pthreads failed with the following output:
Change Dir: /home/nabih/prueba/build/CMakeFiles/CMakeTmp

Run Build Command:"/usr/bin/make" "cmTC_0187f/fast"
/usr/bin/make -f CMakeFiles/cmTC_0187f.dir/build.make CMakeFiles/cmTC_0187f.dir/build
make[1]: Entering directory '/home/nabih/prueba/build/CMakeFiles/CMakeTmp'
Building C object CMakeFiles/cmTC_0187f.dir/CheckFunctionExists.c.o
/usr/bin/cc   -DCHECK_FUNCTION_EXISTS=pthread_create   -o CMakeFiles/cmTC_0187f.dir/CheckFunctionExists.c.o   -c /usr/share/cmake-3.10/Modules/CheckFunctionExists.c
Linking C executable cmTC_0187f
/usr/bin/cmake -E cmake_link_script CMakeFiles/cmTC_0187f.dir/link.txt --verbose=1
/usr/bin/cc  -DCHECK_FUNCTION_EXISTS=pthread_create    -rdynamic CMakeFiles/cmTC_0187f.dir/CheckFunctionExists.c.o  -o cmTC_0187f -lpthreads 
/usr/bin/ld: cannot find -lpthreads
collect2: error: ld returned 1 exit status
CMakeFiles/cmTC_0187f.dir/build.make:97: recipe for target 'cmTC_0187f' failed
make[1]: *** [cmTC_0187f] Error 1
make[1]: Leaving directory '/home/nabih/prueba/build/CMakeFiles/CMakeTmp'
Makefile:126: recipe for target 'cmTC_0187f/fast' failed
make: *** [cmTC_0187f/fast] Error 2


